<?xml version="1.0" encoding="UTF-8"?>
<testng-results ignored="0" total="3" passed="3" failed="0" skipped="0">
  <reporter-output>
  </reporter-output>
  <suite started-at="2024-07-30T22:14:08 PDT" name="Suite" finished-at="2024-07-30T22:14:30 PDT" duration-ms="21479">
    <groups>
    </groups>
    <test started-at="2024-07-30T22:14:08 PDT" name="Test" finished-at="2024-07-30T22:14:30 PDT" duration-ms="21479">
      <class name="Mytests.GuruTest">
        <test-method is-config="true" signature="OpenApp()[pri:0, instance:Mytests.GuruTest@294425a7]" started-at="2024-07-30T22:14:08 PDT" name="OpenApp" finished-at="2024-07-30T22:14:18 PDT" duration-ms="9409" status="PASS">
          <reporter-output>
          </reporter-output>
        </test-method> <!-- OpenApp -->
        <test-method signature="Login()[pri:1, instance:Mytests.GuruTest@294425a7]" started-at="2024-07-30T22:14:18 PDT" name="Login" finished-at="2024-07-30T22:14:20 PDT" duration-ms="1967" status="PASS">
          <reporter-output>
          </reporter-output>
        </test-method> <!-- Login -->
        <test-method signature="NewCustomer()[pri:2, instance:Mytests.GuruTest@294425a7]" started-at="2024-07-30T22:14:20 PDT" name="NewCustomer" finished-at="2024-07-30T22:14:22 PDT" duration-ms="1890" status="PASS">
          <reporter-output>
          </reporter-output>
        </test-method> <!-- NewCustomer -->
        <test-method signature="EditCustomer()[pri:3, instance:Mytests.GuruTest@294425a7]" started-at="2024-07-30T22:14:22 PDT" name="EditCustomer" finished-at="2024-07-30T22:14:29 PDT" duration-ms="7895" status="PASS">
          <reporter-output>
          </reporter-output>
        </test-method> <!-- EditCustomer -->
        <test-method is-config="true" signature="CloseApp()[pri:0, instance:Mytests.GuruTest@294425a7]" started-at="2024-07-30T22:14:29 PDT" name="CloseApp" finished-at="2024-07-30T22:14:30 PDT" duration-ms="194" status="PASS">
          <reporter-output>
          </reporter-output>
        </test-method> <!-- CloseApp -->
      </class> <!-- Mytests.GuruTest -->
    </test> <!-- Test -->
  </suite> <!-- Suite -->
</testng-results>
