<?xml version="1.0" encoding="UTF-8"?>
<testng-results ignored="0" total="3" passed="3" failed="0" skipped="0">
  <reporter-output>
  </reporter-output>
  <suite started-at="2024-08-25T21:51:42 PDT" name="Suite" finished-at="2024-08-25T21:52:01 PDT" duration-ms="18455">
    <groups>
    </groups>
    <test started-at="2024-08-25T21:51:42 PDT" name="Test" finished-at="2024-08-25T21:52:01 PDT" duration-ms="18455">
      <class name="Mytests.GuruTest">
        <test-method is-config="true" signature="OpenApp()[pri:0, instance:Mytests.GuruTest@12468a38]" started-at="2024-08-25T21:51:42 PDT" name="OpenApp" finished-at="2024-08-25T21:51:44 PDT" duration-ms="1877" status="PASS">
          <reporter-output>
          </reporter-output>
        </test-method> <!-- OpenApp -->
        <test-method signature="Login()[pri:1, instance:Mytests.GuruTest@12468a38]" started-at="2024-08-25T21:51:44 PDT" name="Login" finished-at="2024-08-25T21:51:49 PDT" duration-ms="4915" status="PASS">
          <reporter-output>
          </reporter-output>
        </test-method> <!-- Login -->
        <test-method signature="NewCustomer()[pri:2, instance:Mytests.GuruTest@12468a38]" started-at="2024-08-25T21:51:49 PDT" name="NewCustomer" finished-at="2024-08-25T21:51:54 PDT" duration-ms="4892" status="PASS">
          <reporter-output>
          </reporter-output>
        </test-method> <!-- NewCustomer -->
        <test-method signature="EditCustomer()[pri:3, instance:Mytests.GuruTest@12468a38]" started-at="2024-08-25T21:51:54 PDT" name="EditCustomer" finished-at="2024-08-25T21:52:01 PDT" duration-ms="6600" status="PASS">
          <reporter-output>
          </reporter-output>
        </test-method> <!-- EditCustomer -->
        <test-method is-config="true" signature="CloseApp()[pri:0, instance:Mytests.GuruTest@12468a38]" started-at="2024-08-25T21:52:01 PDT" name="CloseApp" finished-at="2024-08-25T21:52:01 PDT" duration-ms="144" status="PASS">
          <reporter-output>
          </reporter-output>
        </test-method> <!-- CloseApp -->
      </class> <!-- Mytests.GuruTest -->
    </test> <!-- Test -->
  </suite> <!-- Suite -->
</testng-results>
